66238
66340
65266
66381
65684
67158
67090
65730
65190
66276
64469
65654
64657
65036
65773
64943
65260
65116
65791
65762
65573
65755
66064
65829
64628
66101
65954
65887
64822
65768
65194
65302
65124
65108
64902
66106
66121
65166
65053
65780
65679
65694
64983
64554
64890
64721
66262
66045
65369
65900
65050
65957
64734
65222
64631
65143
65161
65139
64676
66906
65092
64994
65407
64984
64713
65847
64561
64993
64995
64988
65604
65713
65788
66178
64568
66084
65305
65815
65092
64506
65661
65903
64623
65789
67754
65086
64970
66268
65779
64631
66321
65260
64943
65559
65166
66494
66822
66402
65639
65475
65293
65196
66051
65748
64886
66099
65315
66031
66334
65979
65175
65089
65911
64666
64908
65578
64836
65066
65988
65183
64421
65974
65912
65129
65227
65098
64937
65029
64898
66106
64610
65173
64623
64703
64703
65013
65089
64717
65137
65736
64849
66050
64522
65384
64765
64946
64933
65076
65193
65114
66954
65426
65259
65861
65251
65363
66517
65622
65451
65968
63613
63395
63544
64258
63065
64438
63508
63269
64109
64424
63309
64385
63036
64285
63081
64293
63185
64563
64336
63380
64095
62880
63478
64041
63859
63046
62698
63437
62790
63231
63609
64028
63068
64411
62634
63134
63144
63573
62667
64006
62948
63496
63894
64243
63322
64115
63194
63996
63228
63532
64081
63877
63341
63022
63058
63793
62718
62926
65268
62853
63787
63027
63782
63166
62938
63847
62985
64439
63977
64301
63412
63164
63909
63260
62709
63419
63916
64392
63027
63092
63146
63739
64323
63508
63490
64198
63609
64473
64323
63131
63669
63247
63896
63508
62754
63040
63254
64068
62776
63933
3195284
3186956
3183497
3182960
3182613
3181919
64930
64299
65823
65930
64047
63570
64591
64369
64509
63950
3110829
3103217
3101889
3102234
3122934
3098043
3106308
3107121
3099767
3109291
3197533
3197675
3208527
3188831
3182314
3189809
3189624
3193991
3185892
3201310
3175700
3121781
3159413
3113045
3167416
3100181
3129425
3099207
3142665
3126942
64656
64332
63284
64448
65101
63405
63701
64134
62915
62836
3115523
3104151
3104687
3099706
3103428
3098206
3105598
3106749
3103052
3109325
3122493
3118802
3102630
3123698
3136249
3165316
3159498
3137081
3170537
3111005
4999325
4871833
4873050
4870095
4860989
4868801
4844301
4822888
4827797
4855405
3209308
3146004
3142286
3149421
3196118
3164759
3156526
3201628
3183055
3157319
64080
64546
62782
64174
62696
63102
62868
63188
63340
64399
94600
92892
93570
92905
92622
93792
92733
94025
92475
92170
62642
64199
62754
63794
62641
63859
62559
62624
62705
63057
66711
64778
65453
67250
67119
67112
67175
64410
62930
62867
63114
63326
63056
62957
63000
62966
63066
63721
66166
64538
63032
63042
63455
63001
62991
63006
63073
63011
65073
63107
62547
62725
62520
62536
62460
62802
62503
62670
62669
62666
63254
62880
62878
62899
62994
62787
62924
63021
63099
62502
62107
62025
62211
62009
62074
62044
62029
62098
62046
62019
61688
61450
61484
61326
61502
61301
61466
63272
63857
61793
63400
61567
61537
61545
61630
61638
61846
61461
61641
61808
64339
57817
57969
57879
57625
57667
57692
57913
57804
57736
58124
58428
58112
58206
58013
58238
58114
58030
58142
57984
57940
57843
57884
57835
57851
57868
57777
57830
57854
57861
57945
57737
57817
57828
57797
57873
57956
57901
57801
57753
57942
57959
58151
57954
58035
57970
57992
57908
57906
58151
54923
54882
54993
55101
56464
55449
54841
54819
54995
55030
57906
57858
57864
57750
57749
57935
57822
59197
58078
57852
57562
57491
57552
57538
57469
57439
57590
57563
57423
57526
58403
57369
57664
57384
57362
57378
57377
57324
57310
57337
57471
57466
57406
57429
58090
59499
57445
57396
57378
57536
57699
61314
57663
57529
57677
58220
57943
57524
57582
57597
57466
57216
57433
57298
57265
57369
60011
57253
57372
57369
57394
57423
57232
57250
57320
57268
57219
57294
57453
57342
57283
57301
57418
57248
57310
57339
57246
57225
57236
57255
57385
57255
57254
57365
57262
57261
57234
57373
57186
57294
57419
57399
57323
57352
57281
57348
57308
57295
57317
57317
57663
57398
57348
57254
57317
57283
57377
57387
57877
57391
57274
57400
57317
57446
57282
57197
57299
57212
57198
57266
57406
57528
57429
57368
57308
57314
57414
57319
57484
57474
57412
57279
57372
57416
57395
57258
57392
57365
57489
57279
58508
58092
57332
57204
59461
58910
57330
57204
57223
57269
57495
57274
57166
57392
57290
57321
57217
57204
57460
57910
57525
57274
57311
57212
57438
57242
57223
57409
57236
57328
57378
57293
57280
57294
57232
57338
57149
57231
57269
57494
59512
58451
58237
58257
58176
58344
58273
58372
58307
58377
58023
58080
58132
58061
58065
58007
58322
57960
57881
58027
57408
57379
57404
57613
57354
57381
57419
57497
57474
57430
57347
57351
57406
57353
57568
57393
57411
57463
57289
57303
57276
57282
57297
57471
57315
57505
57332
57212
58718
57220
154
105
104
104
104
104
104
95
84
94
149
102
101
102
101
101
101
94
84
84
57413
57415
57480
57401
57265
57230
57403
57503
57362
57364
57352
57417
57520
57466
57481
57333
57524
57329
57334
57390
57197
57272
57424
57534
57430
57304
57571
57303
57264
57266
